0 verbose cli C:\laragon\bin\nodejs\node-v16.18.0-win-x64\node.exe C:\laragon\bin\nodejs\node-v16.18.0-win-x64\node_modules\npm\bin\npm-cli.js
1 info using npm@8.19.2
2 info using node@v16.18.0
3 timing npm:load:whichnode Completed in 1ms
4 timing config:load:defaults Completed in 1ms
5 timing config:load:file:C:\laragon\bin\nodejs\node-v16.18.0-win-x64\node_modules\npm\npmrc Completed in 1ms
6 timing config:load:builtin Completed in 1ms
7 timing config:load:cli Completed in 1ms
8 timing config:load:env Completed in 1ms
9 timing config:load:file:C:\laragon\www\ttta\.npmrc Completed in 0ms
10 timing config:load:project Completed in 1ms
11 timing config:load:file:C:\Users\Silja Vind Jørgensen\.npmrc Completed in 2ms
12 timing config:load:user Completed in 2ms
13 timing config:load:file:C:\laragon\bin\nodejs\node-v16.18.0-win-x64\etc\npmrc Completed in 0ms
14 timing config:load:global Completed in 0ms
15 timing config:load:validate Completed in 1ms
16 timing config:load:credentials Completed in 2ms
17 timing config:load:setEnvs Completed in 0ms
18 timing config:load Completed in 11ms
19 timing npm:load:configload Completed in 11ms
20 timing npm:load:mkdirpcache Completed in 1ms
21 timing npm:load:mkdirplogs Completed in 1ms
22 verbose title npm install - - save axios vue-axios
23 verbose argv "install" "-" "-" "save" "axios" "vue-axios"
24 timing npm:load:setTitle Completed in 1ms
25 timing config:load:flatten Completed in 2ms
26 timing npm:load:display Completed in 4ms
27 verbose logfile logs-max:10 dir:C:\laragon\www\ttta\_logs
28 verbose logfile C:\laragon\www\ttta\_logs\2022-10-22T19_53_54_347Z-debug-0.log
29 timing npm:load:logFile Completed in 5ms
30 timing npm:load:timers Completed in 0ms
31 timing npm:load:configScope Completed in 0ms
32 timing npm:load Completed in 24ms
33 timing arborist:ctor Completed in 1ms
34 silly logfile start cleaning logs, removing 1 files
35 silly logfile done cleaning log files
36 timing idealTree:init Completed in 399ms
37 timing idealTree:userRequests Completed in 4ms
38 silly idealTree buildDeps
39 silly fetch manifest -@*
40 timing arborist:ctor Completed in 0ms
41 http fetch GET 200 https://registry.npmjs.org/- 1418ms (cache miss)
42 silly fetch manifest save@*
43 http fetch GET 200 https://registry.npmjs.org/save 796ms (cache miss)
44 silly fetch manifest vue-axios@*
45 http fetch GET 200 https://registry.npmjs.org/vue-axios 67ms (cache miss)
46 silly fetch manifest axios@^0.27.2
47 http fetch GET 200 https://registry.npmjs.org/axios 91ms (cache revalidated)
48 silly fetch manifest axios@>=1.0.0
49 timing idealTree Completed in 2793ms
50 timing command:install Completed in 2806ms
51 verbose stack Error: unable to resolve dependency tree
51 verbose stack     at Arborist.[failPeerConflict] (C:\laragon\bin\nodejs\node-v16.18.0-win-x64\node_modules\npm\node_modules\@npmcli\arborist\lib\arborist\build-ideal-tree.js:1381:25)
51 verbose stack     at Arborist.[loadPeerSet] (C:\laragon\bin\nodejs\node-v16.18.0-win-x64\node_modules\npm\node_modules\@npmcli\arborist\lib\arborist\build-ideal-tree.js:1347:34)
51 verbose stack     at async Arborist.[buildDepStep] (C:\laragon\bin\nodejs\node-v16.18.0-win-x64\node_modules\npm\node_modules\@npmcli\arborist\lib\arborist\build-ideal-tree.js:930:11)
51 verbose stack     at async Arborist.buildIdealTree (C:\laragon\bin\nodejs\node-v16.18.0-win-x64\node_modules\npm\node_modules\@npmcli\arborist\lib\arborist\build-ideal-tree.js:211:7)
51 verbose stack     at async Promise.all (index 1)
51 verbose stack     at async Arborist.reify (C:\laragon\bin\nodejs\node-v16.18.0-win-x64\node_modules\npm\node_modules\@npmcli\arborist\lib\arborist\reify.js:153:5)
51 verbose stack     at async Install.exec (C:\laragon\bin\nodejs\node-v16.18.0-win-x64\node_modules\npm\lib\commands\install.js:145:5)
51 verbose stack     at async module.exports (C:\laragon\bin\nodejs\node-v16.18.0-win-x64\node_modules\npm\lib\cli.js:78:5)
52 verbose cwd C:\laragon\www\ttta
53 verbose Windows_NT 10.0.22621
54 verbose node v16.18.0
55 verbose npm  v8.19.2
56 error code ERESOLVE
57 error ERESOLVE unable to resolve dependency tree
58 error
59 error While resolving: [1mttta[22m@[1m1.0.0[22m
59 error Found: [1maxios[22m@[1m0.27.2[22m[2m[22m
59 error [2mnode_modules/axios[22m
59 error   [33mdev[39m [1maxios[22m@"[1m^0.27.2[22m" from the root project
59 error
59 error Could not resolve dependency:
59 error [35mpeer[39m [1maxios[22m@"[1m>=1.0.0[22m" from [1mvue-axios[22m@[1m3.5.0[22m[2m[22m
59 error [2mnode_modules/vue-axios[22m
59 error   [1mvue-axios[22m@"[1m*[22m" from the root project
59 error
59 error Fix the upstream dependency conflict, or retry
59 error this command with --force, or --legacy-peer-deps
59 error to accept an incorrect (and potentially broken) dependency resolution.
59 error
59 error See C:\laragon\www\ttta\eresolve-report.txt for a full report.
60 verbose exit 1
61 timing npm Completed in 3073ms
62 verbose unfinished npm timer reify 1666468434592
63 verbose unfinished npm timer reify:loadTrees 1666468434601
64 verbose unfinished npm timer idealTree:buildDeps 1666468435006
65 verbose unfinished npm timer idealTree:#root 1666468435007
66 verbose code 1
67 error A complete log of this run can be found in:
67 error     C:\laragon\www\ttta\_logs\2022-10-22T19_53_54_347Z-debug-0.log
