0 verbose cli C:\laragon\bin\nodejs\node-v16.18.0-win-x64\node.exe C:\laragon\bin\nodejs\node-v16.18.0-win-x64\node_modules\npm\bin\npm-cli.js
1 info using npm@8.19.2
2 info using node@v16.18.0
3 timing npm:load:whichnode Completed in 0ms
4 timing config:load:defaults Completed in 2ms
5 timing config:load:file:C:\laragon\bin\nodejs\node-v16.18.0-win-x64\node_modules\npm\npmrc Completed in 4ms
6 timing config:load:builtin Completed in 5ms
7 timing config:load:cli Completed in 3ms
8 timing config:load:env Completed in 4ms
9 timing config:load:file:C:\laragon\www\ttta\.npmrc Completed in 0ms
10 timing config:load:project Completed in 2ms
11 timing config:load:file:C:\Users\Silja Vind Jørgensen\.npmrc Completed in 2ms
12 timing config:load:user Completed in 3ms
13 timing config:load:file:C:\laragon\bin\nodejs\node-v16.18.0-win-x64\etc\npmrc Completed in 0ms
14 timing config:load:global Completed in 0ms
15 timing config:load:validate Completed in 1ms
16 timing config:load:credentials Completed in 3ms
17 timing config:load:setEnvs Completed in 2ms
18 timing config:load Completed in 25ms
19 timing npm:load:configload Completed in 25ms
20 timing npm:load:mkdirpcache Completed in 1ms
21 timing npm:load:mkdirplogs Completed in 0ms
22 verbose title npm run dev
23 verbose argv "run" "dev" "--host"
24 timing npm:load:setTitle Completed in 2ms
25 timing config:load:flatten Completed in 4ms
26 timing npm:load:display Completed in 8ms
27 verbose logfile logs-max:10 dir:C:\laragon\www\ttta\_logs
28 verbose logfile C:\laragon\www\ttta\_logs\2022-10-24T06_23_55_921Z-debug-0.log
29 timing npm:load:logFile Completed in 10ms
30 timing npm:load:timers Completed in 0ms
31 timing npm:load:configScope Completed in 1ms
32 timing npm:load Completed in 49ms
33 silly logfile start cleaning logs, removing 1 files
34 silly logfile done cleaning log files
