0 verbose cli C:\laragon\bin\nodejs\node-v16.18.0-win-x64\node.exe C:\laragon\bin\nodejs\node-v16.18.0-win-x64\node_modules\npm\bin\npm-cli.js
1 info using npm@8.19.2
2 info using node@v16.18.0
3 timing npm:load:whichnode Completed in 0ms
4 timing config:load:defaults Completed in 1ms
5 timing config:load:file:C:\laragon\bin\nodejs\node-v16.18.0-win-x64\node_modules\npm\npmrc Completed in 2ms
6 timing config:load:builtin Completed in 2ms
7 timing config:load:cli Completed in 2ms
8 timing config:load:env Completed in 1ms
9 timing config:load:file:C:\laragon\www\ttta\.npmrc Completed in 0ms
10 timing config:load:project Completed in 3ms
11 timing config:load:file:C:\Users\Silja Vind Jørgensen\.npmrc Completed in 1ms
12 timing config:load:user Completed in 1ms
13 timing config:load:file:C:\laragon\bin\nodejs\node-v16.18.0-win-x64\etc\npmrc Completed in 0ms
14 timing config:load:global Completed in 0ms
15 timing config:load:validate Completed in 1ms
16 timing config:load:credentials Completed in 1ms
17 timing config:load:setEnvs Completed in 0ms
18 timing config:load Completed in 12ms
19 timing npm:load:configload Completed in 12ms
20 timing npm:load:mkdirpcache Completed in 1ms
21 timing npm:load:mkdirplogs Completed in 0ms
22 verbose title npm install axios
23 verbose argv "install" "axios"
24 timing npm:load:setTitle Completed in 1ms
25 timing config:load:flatten Completed in 2ms
26 timing npm:load:display Completed in 4ms
27 verbose logfile logs-max:10 dir:C:\laragon\www\ttta\_logs
28 verbose logfile C:\laragon\www\ttta\_logs\2022-10-22T19_54_16_824Z-debug-0.log
29 timing npm:load:logFile Completed in 4ms
30 timing npm:load:timers Completed in 0ms
31 timing npm:load:configScope Completed in 0ms
32 timing npm:load Completed in 23ms
33 timing arborist:ctor Completed in 0ms
34 silly logfile start cleaning logs, removing 1 files
35 silly logfile done cleaning log files
36 timing idealTree:init Completed in 401ms
37 timing idealTree:userRequests Completed in 4ms
38 silly idealTree buildDeps
39 silly fetch manifest axios@^0.27.2
40 timing arborist:ctor Completed in 1ms
41 http fetch GET 200 https://registry.npmjs.org/axios 327ms (cache hit)
42 silly placeDep ROOT axios@0.27.2 REPLACE for: ttta@1.0.0 want: ^0.27.2
43 timing idealTree:#root Completed in 336ms
44 timing idealTree:node_modules/axios Completed in 0ms
45 timing idealTree:buildDeps Completed in 337ms
46 timing idealTree:fixDepFlags Completed in 5ms
47 timing idealTree Completed in 755ms
48 timing reify:loadTrees Completed in 756ms
49 timing reify:diffTrees Completed in 44ms
50 silly reify moves {}
51 timing reify:retireShallow Completed in 1ms
52 timing reify:createSparse Completed in 7ms
53 timing reify:loadBundles Completed in 0ms
54 silly audit bulk request {
54 silly audit   '@ampproject/remapping': [ '2.2.0' ],
54 silly audit   '@babel/code-frame': [ '7.18.6' ],
54 silly audit   '@babel/compat-data': [ '7.19.4' ],
54 silly audit   '@babel/core': [ '7.19.6' ],
54 silly audit   semver: [ '6.3.0', '7.3.8' ],
54 silly audit   '@babel/generator': [ '7.19.6' ],
54 silly audit   '@jridgewell/gen-mapping': [ '0.3.2', '0.1.1' ],
54 silly audit   '@babel/helper-annotate-as-pure': [ '7.18.6' ],
54 silly audit   '@babel/helper-builder-binary-assignment-operator-visitor': [ '7.18.9' ],
54 silly audit   '@babel/helper-compilation-targets': [ '7.19.3' ],
54 silly audit   '@babel/helper-create-class-features-plugin': [ '7.19.0' ],
54 silly audit   '@babel/helper-create-regexp-features-plugin': [ '7.19.0' ],
54 silly audit   '@babel/helper-define-polyfill-provider': [ '0.3.3' ],
54 silly audit   '@babel/helper-environment-visitor': [ '7.18.9' ],
54 silly audit   '@babel/helper-explode-assignable-expression': [ '7.18.6' ],
54 silly audit   '@babel/helper-function-name': [ '7.19.0' ],
54 silly audit   '@babel/helper-hoist-variables': [ '7.18.6' ],
54 silly audit   '@babel/helper-member-expression-to-functions': [ '7.18.9' ],
54 silly audit   '@babel/helper-module-imports': [ '7.18.6' ],
54 silly audit   '@babel/helper-module-transforms': [ '7.19.6' ],
54 silly audit   '@babel/helper-optimise-call-expression': [ '7.18.6' ],
54 silly audit   '@babel/helper-plugin-utils': [ '7.19.0' ],
54 silly audit   '@babel/helper-remap-async-to-generator': [ '7.18.9' ],
54 silly audit   '@babel/helper-replace-supers': [ '7.19.1' ],
54 silly audit   '@babel/helper-simple-access': [ '7.19.4' ],
54 silly audit   '@babel/helper-skip-transparent-expression-wrappers': [ '7.18.9' ],
54 silly audit   '@babel/helper-split-export-declaration': [ '7.18.6' ],
54 silly audit   '@babel/helper-string-parser': [ '7.19.4' ],
54 silly audit   '@babel/helper-validator-identifier': [ '7.19.1' ],
54 silly audit   '@babel/helper-validator-option': [ '7.18.6' ],
54 silly audit   '@babel/helper-wrap-function': [ '7.19.0' ],
54 silly audit   '@babel/helpers': [ '7.19.4' ],
54 silly audit   '@babel/highlight': [ '7.18.6' ],
54 silly audit   'ansi-styles': [ '3.2.1', '4.3.0' ],
54 silly audit   chalk: [ '2.4.2', '4.1.2' ],
54 silly audit   'color-convert': [ '1.9.3', '2.0.1' ],
54 silly audit   'color-name': [ '1.1.3', '1.1.4' ],
54 silly audit   'has-flag': [ '3.0.0', '4.0.0' ],
54 silly audit   'supports-color': [ '5.5.0', '8.1.1', '7.2.0' ],
54 silly audit   '@babel/parser': [ '7.19.6' ],
54 silly audit   '@babel/plugin-bugfix-safari-id-destructuring-collision-in-function-expression': [ '7.18.6' ],
54 silly audit   '@babel/plugin-bugfix-v8-spread-parameters-in-optional-chaining': [ '7.18.9' ],
54 silly audit   '@babel/plugin-proposal-async-generator-functions': [ '7.19.1' ],
54 silly audit   '@babel/plugin-proposal-class-properties': [ '7.18.6' ],
54 silly audit   '@babel/plugin-proposal-class-static-block': [ '7.18.6' ],
54 silly audit   '@babel/plugin-proposal-dynamic-import': [ '7.18.6' ],
54 silly audit   '@babel/plugin-proposal-export-namespace-from': [ '7.18.9' ],
54 silly audit   '@babel/plugin-proposal-json-strings': [ '7.18.6' ],
54 silly audit   '@babel/plugin-proposal-logical-assignment-operators': [ '7.18.9' ],
54 silly audit   '@babel/plugin-proposal-nullish-coalescing-operator': [ '7.18.6' ],
54 silly audit   '@babel/plugin-proposal-numeric-separator': [ '7.18.6' ],
54 silly audit   '@babel/plugin-proposal-object-rest-spread': [ '7.19.4' ],
54 silly audit   '@babel/plugin-proposal-optional-catch-binding': [ '7.18.6' ],
54 silly audit   '@babel/plugin-proposal-optional-chaining': [ '7.18.9' ],
54 silly audit   '@babel/plugin-proposal-private-methods': [ '7.18.6' ],
54 silly audit   '@babel/plugin-proposal-private-property-in-object': [ '7.18.6' ],
54 silly audit   '@babel/plugin-proposal-unicode-property-regex': [ '7.18.6' ],
54 silly audit   '@babel/plugin-syntax-async-generators': [ '7.8.4' ],
54 silly audit   '@babel/plugin-syntax-class-properties': [ '7.12.13' ],
54 silly audit   '@babel/plugin-syntax-class-static-block': [ '7.14.5' ],
54 silly audit   '@babel/plugin-syntax-dynamic-import': [ '7.8.3' ],
54 silly audit   '@babel/plugin-syntax-export-namespace-from': [ '7.8.3' ],
54 silly audit   '@babel/plugin-syntax-import-assertions': [ '7.18.6' ],
54 silly audit   '@babel/plugin-syntax-json-strings': [ '7.8.3' ],
54 silly audit   '@babel/plugin-syntax-logical-assignment-operators': [ '7.10.4' ],
54 silly audit   '@babel/plugin-syntax-nullish-coalescing-operator': [ '7.8.3' ],
54 silly audit   '@babel/plugin-syntax-numeric-separator': [ '7.10.4' ],
54 silly audit   '@babel/plugin-syntax-object-rest-spread': [ '7.8.3' ],
54 silly audit   '@babel/plugin-syntax-optional-catch-binding': [ '7.8.3' ],
54 silly audit   '@babel/plugin-syntax-optional-chaining': [ '7.8.3' ],
54 silly audit   '@babel/plugin-syntax-private-property-in-object': [ '7.14.5' ],
54 silly audit   '@babel/plugin-syntax-top-level-await': [ '7.14.5' ],
54 silly audit   '@babel/plugin-transform-arrow-functions': [ '7.18.6' ],
54 silly audit   '@babel/plugin-transform-async-to-generator': [ '7.18.6' ],
54 silly audit   '@babel/plugin-transform-block-scoped-functions': [ '7.18.6' ],
54 silly audit   '@babel/plugin-transform-block-scoping': [ '7.19.4' ],
54 silly audit   '@babel/plugin-transform-classes': [ '7.19.0' ],
54 silly audit   '@babel/plugin-transform-computed-properties': [ '7.18.9' ],
54 silly audit   '@babel/plugin-transform-destructuring': [ '7.19.4' ],
54 silly audit   '@babel/plugin-transform-dotall-regex': [ '7.18.6' ],
54 silly audit   '@babel/plugin-transform-duplicate-keys': [ '7.18.9' ],
54 silly audit   '@babel/plugin-transform-exponentiation-operator': [ '7.18.6' ],
54 silly audit   '@babel/plugin-transform-for-of': [ '7.18.8' ],
54 silly audit   '@babel/plugin-transform-function-name': [ '7.18.9' ],
54 silly audit   '@babel/plugin-transform-literals': [ '7.18.9' ],
54 silly audit   '@babel/plugin-transform-member-expression-literals': [ '7.18.6' ],
54 silly audit   '@babel/plugin-transform-modules-amd': [ '7.19.6' ],
54 silly audit   '@babel/plugin-transform-modules-commonjs': [ '7.19.6' ],
54 silly audit   '@babel/plugin-transform-modules-systemjs': [ '7.19.6' ],
54 silly audit   '@babel/plugin-transform-modules-umd': [ '7.18.6' ],
54 silly audit   '@babel/plugin-transform-named-capturing-groups-regex': [ '7.19.1' ],
54 silly audit   '@babel/plugin-transform-new-target': [ '7.18.6' ],
54 silly audit   '@babel/plugin-transform-object-super': [ '7.18.6' ],
54 silly audit   '@babel/plugin-transform-parameters': [ '7.18.8' ],
54 silly audit   '@babel/plugin-transform-property-literals': [ '7.18.6' ],
54 silly audit   '@babel/plugin-transform-regenerator': [ '7.18.6' ],
54 silly audit   '@babel/plugin-transform-reserved-words': [ '7.18.6' ],
54 silly audit   '@babel/plugin-transform-runtime': [ '7.19.6' ],
54 silly audit   '@babel/plugin-transform-shorthand-properties': [ '7.18.6' ],
54 silly audit   '@babel/plugin-transform-spread': [ '7.19.0' ],
54 silly audit   '@babel/plugin-transform-sticky-regex': [ '7.18.6' ],
54 silly audit   '@babel/plugin-transform-template-literals': [ '7.18.9' ],
54 silly audit   '@babel/plugin-transform-typeof-symbol': [ '7.18.9' ],
54 silly audit   '@babel/plugin-transform-unicode-escapes': [ '7.18.10' ],
54 silly audit   '@babel/plugin-transform-unicode-regex': [ '7.18.6' ],
54 silly audit   '@babel/preset-env': [ '7.19.4' ],
54 silly audit   '@babel/preset-modules': [ '0.1.5' ],
54 silly audit   '@babel/runtime': [ '7.19.4' ],
54 silly audit   '@babel/template': [ '7.18.10' ],
54 silly audit   '@babel/traverse': [ '7.19.6' ],
54 silly audit   '@babel/types': [ '7.19.4' ],
54 silly audit   '@colors/colors': [ '1.5.0' ],
54 silly audit   '@discoveryjs/json-ext': [ '0.5.7' ],
54 silly audit   '@esbuild/android-arm': [ '0.15.12' ],
54 silly audit   '@esbuild/linux-loong64': [ '0.15.12' ],
54 silly audit   '@jridgewell/resolve-uri': [ '3.1.0' ],
54 silly audit   '@jridgewell/set-array': [ '1.1.2' ],
54 silly audit   '@jridgewell/source-map': [ '0.3.2' ],
54 silly audit   '@jridgewell/sourcemap-codec': [ '1.4.14' ],
54 silly audit   '@jridgewell/trace-mapping': [ '0.3.17' ],
54 silly audit   '@leichtgewicht/ip-codec': [ '2.0.4' ],
54 silly audit   '@nodelib/fs.scandir': [ '2.1.5' ],
54 silly audit   '@nodelib/fs.stat': [ '2.0.5' ],
54 silly audit   '@nodelib/fs.walk': [ '1.2.8' ],
54 silly audit   '@trysound/sax': [ '0.2.0' ],
54 silly audit   '@types/babel__core': [ '7.1.19' ],
54 silly audit   '@types/babel__generator': [ '7.6.4' ],
54 silly audit   '@types/babel__template': [ '7.4.1' ],
54 silly audit   '@types/babel__traverse': [ '7.18.2' ],
54 silly audit   '@types/body-parser': [ '1.19.2' ],
54 silly audit   '@types/bonjour': [ '3.5.10' ],
54 silly audit   '@types/clean-css': [ '4.2.6' ],
54 silly audit   '@types/connect': [ '3.4.35' ],
54 silly audit   '@types/connect-history-api-fallback': [ '1.3.5' ],
54 silly audit   '@types/eslint': [ '8.4.7' ],
54 silly audit   '@types/eslint-scope': [ '3.7.4' ],
54 silly audit   '@types/estree': [ '0.0.51' ],
54 silly audit   '@types/express': [ '4.17.14' ],
54 silly audit   '@types/express-serve-static-core': [ '4.17.31' ],
54 silly audit   '@types/glob': [ '7.2.0' ],
54 silly audit   '@types/http-proxy': [ '1.17.9' ],
54 silly audit   '@types/imagemin': [ '8.0.0' ],
54 silly audit   '@types/imagemin-gifsicle': [ '7.0.1' ],
54 silly audit   '@types/imagemin-mozjpeg': [ '8.0.1' ],
54 silly audit   '@types/imagemin-optipng': [ '5.2.1' ],
54 silly audit   '@types/imagemin-svgo': [ '8.0.1' ],
54 silly audit   '@types/json-schema': [ '7.0.11' ],
54 silly audit   '@types/mime': [ '3.0.1' ],
54 silly audit   '@types/minimatch': [ '5.1.2' ],
54 silly audit   '@types/node': [ '18.11.3' ],
54 silly audit   '@types/parse-json': [ '4.0.0' ],
54 silly audit   '@types/qs': [ '6.9.7' ],
54 silly audit   '@types/range-parser': [ '1.2.4' ],
54 silly audit   '@types/retry': [ '0.12.0' ],
54 silly audit   '@types/serve-index': [ '1.9.1' ],
54 silly audit   '@types/serve-static': [ '1.15.0' ],
54 silly audit   '@types/sockjs': [ '0.3.33' ],
54 silly audit   '@types/svgo': [ '1.3.6' ],
54 silly audit   '@types/ws': [ '8.5.3' ],
54 silly audit   '@vitejs/plugin-vue': [ '3.1.2' ],
54 silly audit   '@vue/compiler-core': [ '3.2.36' ],
54 silly audit   '@vue/compiler-dom': [ '3.2.36' ],
54 silly audit   '@vue/compiler-sfc': [ '3.2.36' ],
54 silly audit   '@vue/compiler-ssr': [ '3.2.36' ],
54 silly audit   '@vue/reactivity': [ '3.2.36' ],
54 silly audit   '@vue/reactivity-transform': [ '3.2.36' ],
54 silly audit   '@vue/runtime-core': [ '3.2.36' ],
54 silly audit   '@vue/runtime-dom': [ '3.2.36' ],
54 silly audit   '@vue/server-renderer': [ '3.2.36' ],
54 silly audit   '@vue/shared': [ '3.2.36' ],
54 silly audit   '@webassemblyjs/ast': [ '1.11.1' ],
54 silly audit   '@webassemblyjs/floating-point-hex-parser': [ '1.11.1' ],
54 silly audit   '@webassemblyjs/helper-api-error': [ '1.11.1' ],
54 silly audit   '@webassemblyjs/helper-buffer': [ '1.11.1' ],
54 silly audit   '@webassemblyjs/helper-numbers': [ '1.11.1' ],
54 silly audit   '@webassemblyjs/helper-wasm-bytecode': [ '1.11.1' ],
54 silly audit   '@webassemblyjs/helper-wasm-section': [ '1.11.1' ],
54 silly audit   '@webassemblyjs/ieee754': [ '1.11.1' ],
54 silly audit   '@webassemblyjs/leb128': [ '1.11.1' ],
54 silly audit   '@webassemblyjs/utf8': [ '1.11.1' ],
54 silly audit   '@webassemblyjs/wasm-edit': [ '1.11.1' ],
54 silly audit   '@webassemblyjs/wasm-gen': [ '1.11.1' ],
54 silly audit   '@webassemblyjs/wasm-opt': [ '1.11.1' ],
54 silly audit   '@webassemblyjs/wasm-parser': [ '1.11.1' ],
54 silly audit   '@webassemblyjs/wast-printer': [ '1.11.1' ],
54 silly audit   '@webpack-cli/configtest': [ '1.2.0' ],
54 silly audit   '@webpack-cli/info': [ '1.5.0' ],
54 silly audit   '@webpack-cli/serve': [ '1.7.0' ],
54 silly audit   '@xtuc/ieee754': [ '1.2.0' ],
54 silly audit   '@xtuc/long': [ '4.2.2' ],
54 silly audit   accepts: [ '1.3.8' ],
54 silly audit   acorn: [ '8.8.0' ],
54 silly audit   'acorn-import-assertions': [ '1.8.0' ],
54 silly audit   ajv: [ '6.12.6', '8.11.0' ],
54 silly audit   'ajv-formats': [ '2.1.1' ],
54 silly audit   'json-schema-traverse': [ '1.0.0', '0.4.1' ],
54 silly audit   'ajv-keywords': [ '3.5.2', '5.1.0' ],
54 silly audit   'ansi-html-community': [ '0.0.8' ],
54 silly audit   'ansi-regex': [ '5.0.1' ],
54 silly audit   anymatch: [ '3.1.2' ],
54 silly audit   'array-flatten': [ '2.1.2', '1.1.1' ],
54 silly audit   'array-union': [ '2.1.0' ],
54 silly audit   'asn1.js': [ '5.4.1' ],
54 silly audit   'bn.js': [ '4.12.0', '5.2.1' ],
54 silly audit   assert: [ '1.5.0' ],
54 silly audit   inherits: [ '2.0.1', '2.0.4', '2.0.3' ],
54 silly audit   util: [ '0.10.3', '0.11.1' ],
54 silly audit   asynckit: [ '0.4.0' ],
54 silly audit   autoprefixer: [ '10.4.12' ],
54 silly audit   'babel-loader': [ '8.2.5' ],
54 silly audit   'babel-plugin-polyfill-corejs2': [ '0.3.3' ],
54 silly audit   'babel-plugin-polyfill-corejs3': [ '0.6.0' ],
54 silly audit   'babel-plugin-polyfill-regenerator': [ '0.4.1' ],
54 silly audit   'balanced-match': [ '1.0.2' ],
54 silly audit   'base64-js': [ '1.5.1' ],
54 silly audit   batch: [ '0.6.1' ],
54 silly audit   'big.js': [ '5.2.2' ],
54 silly audit   'binary-extensions': [ '2.2.0' ],
54 silly audit   'body-parser': [ '1.20.1' ],
54 silly audit   bytes: [ '3.1.2', '3.0.0' ],
54 silly audit   debug: [ '2.6.9', '4.3.4' ],
54 silly audit   ms: [ '2.0.0', '2.1.2', '2.1.3' ],
54 silly audit   'bonjour-service': [ '1.0.14' ],
54 silly audit   boolbase: [ '1.0.0' ],
54 silly audit   'brace-expansion': [ '1.1.11' ],
54 silly audit   braces: [ '3.0.2' ],
54 silly audit   brorand: [ '1.1.0' ],
54 silly audit   'browserify-aes': [ '1.2.0' ],
54 silly audit   'browserify-cipher': [ '1.0.1' ],
54 silly audit   'browserify-des': [ '1.0.2' ],
54 silly audit   'browserify-rsa': [ '4.1.0' ],
54 silly audit   'browserify-sign': [ '4.2.1' ],
54 silly audit   'readable-stream': [ '3.6.0', '2.3.7' ],
54 silly audit   'browserify-zlib': [ '0.2.0' ],
54 silly audit   browserslist: [ '4.21.4' ],
54 silly audit   buffer: [ '4.9.2' ],
54 silly audit   'buffer-from': [ '1.1.2' ],
54 silly audit   'buffer-xor': [ '1.0.3' ],
54 silly audit   'builtin-status-codes': [ '3.0.0' ],
54 silly audit   'call-bind': [ '1.0.2' ],
54 silly audit   callsites: [ '3.1.0' ],
54 silly audit   'camel-case': [ '4.1.2' ],
54 silly audit   'caniuse-api': [ '3.0.0' ],
54 silly audit   'caniuse-lite': [ '1.0.30001423' ],
54 silly audit   charenc: [ '0.0.2' ],
54 silly audit   chokidar: [ '3.5.3' ],
54 silly audit   'chrome-trace-event': [ '1.0.3' ],
54 silly audit   'cipher-base': [ '1.0.4' ],
54 silly audit   'clean-css': [ '5.3.1', '4.2.4' ],
54 silly audit   'cli-table3': [ '0.6.3' ],
54 silly audit   cliui: [ '8.0.1' ],
54 silly audit   'clone-deep': [ '4.0.1' ],
54 silly audit   'collect.js': [ '4.34.3' ],
54 silly audit   colord: [ '2.9.3' ],
54 silly audit   colorette: [ '2.0.19' ],
54 silly audit   'combined-stream': [ '1.0.8' ],
54 silly audit   commander: [ '7.2.0', '2.20.3', '4.1.1' ],
54 silly audit   commondir: [ '1.0.1' ],
54 silly audit   compressible: [ '2.0.18' ],
54 silly audit   compression: [ '1.7.4' ],
54 silly audit   'safe-buffer': [ '5.1.2', '5.2.1' ],
54 silly audit   concat: [ '1.0.3' ],
54 silly audit   'concat-map': [ '0.0.1' ],
54 silly audit   'connect-history-api-fallback': [ '2.0.0' ],
54 silly audit   consola: [ '2.15.3' ],
54 silly audit   'console-browserify': [ '1.2.0' ],
54 silly audit   'constants-browserify': [ '1.0.0' ],
54 silly audit   'content-disposition': [ '0.5.4' ],
54 silly audit   'content-type': [ '1.0.4' ],
54 silly audit   'convert-source-map': [ '1.9.0' ],
54 silly audit   cookie: [ '0.5.0' ],
54 silly audit   'cookie-signature': [ '1.0.6' ],
54 silly audit   'core-js-compat': [ '3.25.5' ],
54 silly audit   'core-util-is': [ '1.0.3' ],
54 silly audit   cosmiconfig: [ '7.0.1' ],
54 silly audit   'create-ecdh': [ '4.0.4' ],
54 silly audit   'create-hash': [ '1.2.0' ],
54 silly audit   'create-hmac': [ '1.1.7' ],
54 silly audit   'cross-spawn': [ '7.0.3' ],
54 silly audit   crypt: [ '0.0.2' ],
54 silly audit   'crypto-browserify': [ '3.12.0' ],
54 silly audit   'css-declaration-sorter': [ '6.3.1' ],
54 silly audit   'css-loader': [ '5.2.7' ],
54 silly audit   'schema-utils': [ '3.1.1', '2.7.1', '4.0.0' ],
54 silly audit   'css-select': [ '4.3.0' ],
54 silly audit   domhandler: [ '4.3.1', '3.3.0' ],
54 silly audit   'css-tree': [ '1.1.3' ],
54 silly audit   'css-what': [ '6.1.0' ],
54 silly audit   cssesc: [ '3.0.0' ],
54 silly audit   cssnano: [ '5.1.13' ],
54 silly audit   'cssnano-preset-default': [ '5.2.12' ],
54 silly audit   'cssnano-utils': [ '3.1.0' ],
54 silly audit   csso: [ '4.2.0' ],
54 silly audit   csstype: [ '2.6.21' ],
54 silly audit   'default-gateway': [ '6.0.3' ],
54 silly audit   'define-lazy-prop': [ '2.0.0' ],
54 silly audit   'delayed-stream': [ '1.0.0' ],
54 silly audit   depd: [ '2.0.0', '1.1.2' ],
54 silly audit   'des.js': [ '1.0.1' ],
54 silly audit   destroy: [ '1.2.0' ],
54 silly audit   'detect-node': [ '2.1.0' ],
54 silly audit   'diffie-hellman': [ '5.0.3' ],
54 silly audit   'dir-glob': [ '3.0.1' ],
54 silly audit   'dns-equal': [ '1.0.0' ],
54 silly audit   'dns-packet': [ '5.4.0' ],
54 silly audit   'dom-serializer': [ '1.4.1' ],
54 silly audit   'domain-browser': [ '1.2.0' ],
54 silly audit   domelementtype: [ '2.3.0' ],
54 silly audit   domutils: [ '2.8.0' ],
54 silly audit   'dot-case': [ '3.0.4' ],
54 silly audit   dotenv: [ '10.0.0' ],
54 silly audit   'dotenv-expand': [ '5.1.0' ],
54 silly audit   'ee-first': [ '1.1.1' ],
54 silly audit   'electron-to-chromium': [ '1.4.284' ],
54 silly audit   elliptic: [ '6.5.4' ],
54 silly audit   'emoji-regex': [ '8.0.0' ],
54 silly audit   'emojis-list': [ '3.0.0' ],
54 silly audit   encodeurl: [ '1.0.2' ],
54 silly audit   'enhanced-resolve': [ '5.10.0' ],
54 silly audit   entities: [ '2.2.0' ],
54 silly audit   envinfo: [ '7.8.1' ],
54 silly audit   'error-ex': [ '1.3.2' ],
54 silly audit   'es-module-lexer': [ '0.9.3' ],
54 silly audit   esbuild: [ '0.15.12' ],
54 silly audit   'esbuild-android-64': [ '0.15.12' ],
54 silly audit   'esbuild-android-arm64': [ '0.15.12' ],
54 silly audit   'esbuild-darwin-64': [ '0.15.12' ],
54 silly audit   'esbuild-darwin-arm64': [ '0.15.12' ],
54 silly audit   'esbuild-freebsd-64': [ '0.15.12' ],
54 silly audit   'esbuild-freebsd-arm64': [ '0.15.12' ],
54 silly audit   'esbuild-linux-32': [ '0.15.12' ],
54 silly audit   'esbuild-linux-64': [ '0.15.12' ],
54 silly audit   'esbuild-linux-arm': [ '0.15.12' ],
54 silly audit   'esbuild-linux-arm64': [ '0.15.12' ],
54 silly audit   'esbuild-linux-mips64le': [ '0.15.12' ],
54 silly audit   'esbuild-linux-ppc64le': [ '0.15.12' ],
54 silly audit   'esbuild-linux-riscv64': [ '0.15.12' ],
54 silly audit   'esbuild-linux-s390x': [ '0.15.12' ],
54 silly audit   'esbuild-netbsd-64': [ '0.15.12' ],
54 silly audit   'esbuild-openbsd-64': [ '0.15.12' ],
54 silly audit   'esbuild-sunos-64': [ '0.15.12' ],
54 silly audit   'esbuild-windows-32': [ '0.15.12' ],
54 silly audit   'esbuild-windows-64': [ '0.15.12' ],
54 silly audit   'esbuild-windows-arm64': [ '0.15.12' ],
54 silly audit   escalade: [ '3.1.1' ],
54 silly audit   'escape-html': [ '1.0.3' ],
54 silly audit   'escape-string-regexp': [ '1.0.5' ],
54 silly audit   'eslint-scope': [ '5.1.1' ],
54 silly audit   esrecurse: [ '4.3.0' ],
54 silly audit   estraverse: [ '5.3.0', '4.3.0' ],
54 silly audit   'estree-walker': [ '2.0.2' ],
54 silly audit   esutils: [ '2.0.3' ],
54 silly audit   etag: [ '1.8.1' ],
54 silly audit   eventemitter3: [ '4.0.7' ],
54 silly audit   events: [ '3.3.0' ],
54 silly audit   evp_bytestokey: [ '1.0.3' ],
54 silly audit   execa: [ '5.1.1' ],
54 silly audit   express: [ '4.18.2' ],
54 silly audit   'fast-deep-equal': [ '3.1.3' ],
54 silly audit   'fast-glob': [ '3.2.12' ],
54 silly audit   'fast-json-stable-stringify': [ '2.1.0' ],
54 silly audit   'fastest-levenshtein': [ '1.0.16' ],
54 silly audit   fastq: [ '1.13.0' ],
54 silly audit   'faye-websocket': [ '0.11.4' ],
54 silly audit   'file-loader': [ '6.2.0' ],
54 silly audit   'file-type': [ '12.4.2' ],
54 silly audit   'fill-range': [ '7.0.1' ],
54 silly audit   finalhandler: [ '1.2.0' ],
54 silly audit   'find-cache-dir': [ '3.3.2' ],
54 silly audit   'find-up': [ '4.1.0' ],
54 silly audit   'follow-redirects': [ '1.15.2' ],
54 silly audit   'form-data': [ '4.0.0' ],
54 silly audit   forwarded: [ '0.2.0' ],
54 silly audit   'fraction.js': [ '4.2.0' ],
54 silly audit   fresh: [ '0.5.2' ],
54 silly audit   'fs-extra': [ '10.1.0' ],
54 silly audit   'fs-monkey': [ '1.0.3' ],
54 silly audit   'fs.realpath': [ '1.0.0' ],
54 silly audit   fsevents: [ '2.3.2' ],
54 silly audit   'function-bind': [ '1.1.1' ],
54 silly audit   gensync: [ '1.0.0-beta.2' ],
54 silly audit   'get-caller-file': [ '2.0.5' ],
54 silly audit   'get-intrinsic': [ '1.1.3' ],
54 silly audit   'get-stream': [ '6.0.1' ],
54 silly audit   glob: [ '7.2.3' ],
54 silly audit   'glob-parent': [ '5.1.2' ],
54 silly audit   'glob-to-regexp': [ '0.4.1' ],
54 silly audit   globals: [ '11.12.0' ],
54 silly audit   globby: [ '10.0.2' ],
54 silly audit   'graceful-fs': [ '4.2.10' ],
54 silly audit   growly: [ '1.3.0' ],
54 silly audit   'handle-thing': [ '2.0.1' ],
54 silly audit   has: [ '1.0.3' ],
54 silly audit   'has-symbols': [ '1.0.3' ],
54 silly audit   'hash-base': [ '3.1.0' ],
54 silly audit   'hash-sum': [ '1.0.2', '2.0.0' ],
54 silly audit   'hash.js': [ '1.1.7' ],
54 silly audit   he: [ '1.2.0' ],
54 silly audit   'hmac-drbg': [ '1.0.1' ],
54 silly audit   'hpack.js': [ '2.1.6' ],
54 silly audit   'html-entities': [ '2.3.3' ],
54 silly audit   'html-loader': [ '1.3.2' ],
54 silly audit   'html-minifier-terser': [ '5.1.1' ],
54 silly audit   terser: [ '4.8.1', '5.15.1' ],
54 silly audit   htmlparser2: [ '4.1.0' ],
54 silly audit   'http-deceiver': [ '1.2.7' ],
54 silly audit   'http-errors': [ '2.0.0', '1.6.3' ],
54 silly audit   'http-parser-js': [ '0.5.8' ],
54 silly audit   'http-proxy': [ '1.18.1' ],
54 silly audit   'http-proxy-middleware': [ '2.0.6' ],
54 silly audit   'https-browserify': [ '1.0.0' ],
54 silly audit   'human-signals': [ '2.1.0' ],
54 silly audit   'iconv-lite': [ '0.4.24' ],
54 silly audit   'icss-utils': [ '5.1.0' ],
54 silly audit   ieee754: [ '1.2.1' ],
54 silly audit   ignore: [ '5.2.0' ],
54 silly audit   imagemin: [ '7.0.1' ],
54 silly audit   'img-loader': [ '4.0.0' ],
54 silly audit   json5: [ '1.0.1', '2.2.1' ],
54 silly audit   'loader-utils': [ '1.4.0', '2.0.3' ],
54 silly audit   immutable: [ '4.1.0' ],
54 silly audit   'import-fresh': [ '3.3.0' ],
54 silly audit   'import-local': [ '3.1.0' ],
54 silly audit   inflight: [ '1.0.6' ],
54 silly audit   interpret: [ '2.2.0' ],
54 silly audit   'ipaddr.js': [ '2.0.1', '1.9.1' ],
54 silly audit   'is-arrayish': [ '0.2.1' ],
54 silly audit   'is-binary-path': [ '2.1.0' ],
54 silly audit   'is-buffer': [ '1.1.6' ],
54 silly audit   'is-core-module': [ '2.11.0' ],
54 silly audit   'is-docker': [ '2.2.1' ],
54 silly audit   'is-extglob': [ '2.1.1' ],
54 silly audit   'is-fullwidth-code-point': [ '3.0.0' ],
54 silly audit   'is-glob': [ '4.0.3' ],
54 silly audit   'is-number': [ '7.0.0' ],
54 silly audit   'is-plain-obj': [ '3.0.0' ],
54 silly audit   'is-plain-object': [ '2.0.4' ],
54 silly audit   'is-stream': [ '2.0.1' ],
54 silly audit   'is-wsl': [ '2.2.0' ],
54 silly audit   isarray: [ '1.0.0' ],
54 silly audit   isexe: [ '2.0.0' ],
54 silly audit   isobject: [ '3.0.1' ],
54 silly audit   'jest-worker': [ '27.5.1' ],
54 silly audit   'js-tokens': [ '4.0.0' ],
54 silly audit   jsesc: [ '2.5.2', '0.5.0' ],
54 silly audit   'json-parse-even-better-errors': [ '2.3.1' ],
54 silly audit   jsonfile: [ '6.1.0' ],
54 silly audit   junk: [ '3.1.0' ],
54 silly audit   'kind-of': [ '6.0.3' ],
54 silly audit   klona: [ '2.0.5' ],
54 silly audit   'laravel-mix': [ '6.0.49' ],
54 silly audit   'laravel-vite-plugin': [ '0.6.1' ],
54 silly audit   lilconfig: [ '2.0.6' ],
54 silly audit   'lines-and-columns': [ '1.2.4' ],
54 silly audit   'loader-runner': [ '4.3.0' ],
54 silly audit   'locate-path': [ '5.0.0' ],
54 silly audit   lodash: [ '4.17.21' ],
54 silly audit   'lodash.debounce': [ '4.0.8' ],
54 silly audit   'lodash.memoize': [ '4.1.2' ],
54 silly audit   'lodash.uniq': [ '4.5.0' ],
54 silly audit   'lower-case': [ '2.0.2' ],
54 silly audit   'lru-cache': [ '6.0.0' ],
54 silly audit   'magic-string': [ '0.25.9' ],
54 silly audit   'make-dir': [ '3.1.0' ],
54 silly audit   md5: [ '2.3.0' ],
54 silly audit   'md5.js': [ '1.3.5' ],
54 silly audit   'mdn-data': [ '2.0.14' ],
54 silly audit   'media-typer': [ '0.3.0' ],
54 silly audit   memfs: [ '3.4.7' ],
54 silly audit   'merge-descriptors': [ '1.0.1' ],
54 silly audit   'merge-stream': [ '2.0.0' ],
54 silly audit   merge2: [ '1.4.1' ],
54 silly audit   methods: [ '1.1.2' ],
54 silly audit   micromatch: [ '4.0.5' ],
54 silly audit   'miller-rabin': [ '4.0.1' ],
54 silly audit   mime: [ '1.6.0' ],
54 silly audit   'mime-db': [ '1.52.0' ],
54 silly audit   'mime-types': [ '2.1.35' ],
54 silly audit   'mimic-fn': [ '2.1.0' ],
54 silly audit   'mini-css-extract-plugin': [ '1.6.2' ],
54 silly audit   'minimalistic-assert': [ '1.0.1' ],
54 silly audit   'minimalistic-crypto-utils': [ '1.0.1' ],
54 silly audit   minimatch: [ '3.1.2' ],
54 silly audit   minimist: [ '1.2.7' ],
54 silly audit   'multicast-dns': [ '7.2.5' ],
54 silly audit   nanoid: [ '3.3.4' ],
54 silly audit   negotiator: [ '0.6.3' ],
54 silly audit   'neo-async': [ '2.6.2' ],
54 silly audit   'no-case': [ '3.0.4' ],
54 silly audit   'node-forge': [ '1.3.1' ],
54 silly audit   'node-libs-browser': [ '2.2.1' ],
54 silly audit   'node-notifier': [ '9.0.1' ],
54 silly audit   'node-releases': [ '2.0.6' ],
54 silly audit   'normalize-path': [ '3.0.0' ],
54 silly audit   'normalize-range': [ '0.1.2' ],
54 silly audit   'normalize-url': [ '6.1.0' ],
54 silly audit   'npm-run-path': [ '4.0.1' ],
54 silly audit   'nth-check': [ '2.1.1' ],
54 silly audit   'object-assign': [ '4.1.1' ],
54 silly audit   'object-inspect': [ '1.12.2' ],
54 silly audit   obuf: [ '1.1.2' ],
54 silly audit   'on-finished': [ '2.4.1' ],
54 silly audit   'on-headers': [ '1.0.2' ],
54 silly audit   once: [ '1.4.0' ],
54 silly audit   onetime: [ '5.1.2' ],
54 silly audit   open: [ '8.4.0' ],
54 silly audit   'os-browserify': [ '0.3.0' ],
54 silly audit   'p-limit': [ '2.3.0' ],
54 silly audit   'p-locate': [ '4.1.0' ],
54 silly audit   'p-pipe': [ '3.1.0' ],
54 silly audit   'p-retry': [ '4.6.2' ],
54 silly audit   'p-try': [ '2.2.0' ],
54 silly audit   pako: [ '1.0.11' ],
54 silly audit   'param-case': [ '3.0.4' ],
54 silly audit   'parent-module': [ '1.0.1' ],
54 silly audit   'parse-asn1': [ '5.1.6' ],
54 silly audit   'parse-json': [ '5.2.0' ],
54 silly audit   parseurl: [ '1.3.3' ],
54 silly audit   'pascal-case': [ '3.1.2' ],
54 silly audit   'path-browserify': [ '0.0.1' ],
54 silly audit   'path-exists': [ '4.0.0' ],
54 silly audit   'path-is-absolute': [ '1.0.1' ],
54 silly audit   'path-key': [ '3.1.1' ],
54 silly audit   'path-parse': [ '1.0.7' ],
54 silly audit   'path-to-regexp': [ '0.1.7' ],
54 silly audit   'path-type': [ '4.0.0' ],
54 silly audit   pbkdf2: [ '3.1.2' ],
54 silly audit   picocolors: [ '1.0.0' ],
54 silly audit   picomatch: [ '2.3.1' ],
54 silly audit   'pkg-dir': [ '4.2.0' ],
54 silly audit   postcss: [ '8.4.18' ],
54 silly audit   'postcss-calc': [ '8.2.4' ],
54 silly audit   'postcss-colormin': [ '5.3.0' ],
54 silly audit   'postcss-convert-values': [ '5.1.2' ],
54 silly audit   'postcss-discard-comments': [ '5.1.2' ],
54 silly audit   'postcss-discard-duplicates': [ '5.1.0' ],
54 silly audit   'postcss-discard-empty': [ '5.1.1' ],
54 silly audit   'postcss-discard-overridden': [ '5.1.0' ],
54 silly audit   'postcss-load-config': [ '3.1.4' ],
54 silly audit   'postcss-loader': [ '6.2.1' ],
54 silly audit   'postcss-merge-longhand': [ '5.1.6' ],
54 silly audit   'postcss-merge-rules': [ '5.1.2' ],
54 silly audit   'postcss-minify-font-values': [ '5.1.0' ],
54 silly audit   'postcss-minify-gradients': [ '5.1.1' ],
54 silly audit   'postcss-minify-params': [ '5.1.3' ],
54 silly audit   'postcss-minify-selectors': [ '5.2.1' ],
54 silly audit   'postcss-modules-extract-imports': [ '3.0.0' ],
54 silly audit   'postcss-modules-local-by-default': [ '4.0.0' ],
54 silly audit   'postcss-modules-scope': [ '3.0.0' ],
54 silly audit   'postcss-modules-values': [ '4.0.0' ],
54 silly audit   'postcss-normalize-charset': [ '5.1.0' ],
54 silly audit   'postcss-normalize-display-values': [ '5.1.0' ],
54 silly audit   'postcss-normalize-positions': [ '5.1.1' ],
54 silly audit   'postcss-normalize-repeat-style': [ '5.1.1' ],
54 silly audit   'postcss-normalize-string': [ '5.1.0' ],
54 silly audit   'postcss-normalize-timing-functions': [ '5.1.0' ],
54 silly audit   'postcss-normalize-unicode': [ '5.1.0' ],
54 silly audit   'postcss-normalize-url': [ '5.1.0' ],
54 silly audit   'postcss-normalize-whitespace': [ '5.1.1' ],
54 silly audit   'postcss-ordered-values': [ '5.1.3' ],
54 silly audit   'postcss-reduce-initial': [ '5.1.0' ],
54 silly audit   'postcss-reduce-transforms': [ '5.1.0' ],
54 silly audit   'postcss-selector-parser': [ '6.0.10' ],
54 silly audit   'postcss-svgo': [ '5.1.0' ],
54 silly audit   'postcss-unique-selectors': [ '5.1.1' ],
54 silly audit   'postcss-value-parser': [ '4.2.0' ],
54 silly audit   'pretty-time': [ '1.1.0' ],
54 silly audit   process: [ '0.11.10' ],
54 silly audit   'process-nextick-args': [ '2.0.1' ],
54 silly audit   'proxy-addr': [ '2.0.7' ],
54 silly audit   'public-encrypt': [ '4.0.3' ],
54 silly audit   punycode: [ '1.4.1', '2.1.1', '1.3.2' ],
54 silly audit   qs: [ '6.11.0' ],
54 silly audit   querystring: [ '0.2.0' ],
54 silly audit   'querystring-es3': [ '0.2.1' ],
54 silly audit   'queue-microtask': [ '1.2.3' ],
54 silly audit   randombytes: [ '2.1.0' ],
54 silly audit   randomfill: [ '1.0.4' ],
54 silly audit   'range-parser': [ '1.2.1' ],
54 silly audit   'raw-body': [ '2.5.1' ],
54 silly audit   string_decoder: [ '1.1.1', '1.3.0' ],
54 silly audit   readdirp: [ '3.6.0' ],
54 silly audit   rechoir: [ '0.7.1' ],
54 silly audit   regenerate: [ '1.4.2' ],
54 silly audit   'regenerate-unicode-properties': [ '10.1.0' ],
54 silly audit   'regenerator-runtime': [ '0.13.10' ],
54 silly audit   'regenerator-transform': [ '0.15.0' ],
54 silly audit   'regexpu-core': [ '5.2.1' ],
54 silly audit   regjsgen: [ '0.7.1' ],
54 silly audit   regjsparser: [ '0.9.1' ],
54 silly audit   relateurl: [ '0.2.7' ],
54 silly audit   'replace-ext': [ '1.0.1' ],
54 silly audit   'require-directory': [ '2.1.1' ],
54 silly audit   'require-from-string': [ '2.0.2' ],
54 silly audit   'requires-port': [ '1.0.0' ],
54 silly audit   resolve: [ '1.22.1' ],
54 silly audit   'resolve-cwd': [ '3.0.0' ],
54 silly audit   'resolve-from': [ '5.0.0', '4.0.0' ],
54 silly audit   retry: [ '0.13.1' ],
54 silly audit   reusify: [ '1.0.4' ],
54 silly audit   rimraf: [ '3.0.2' ],
54 silly audit   ripemd160: [ '2.0.2' ],
54 silly audit   rollup: [ '2.78.1' ],
54 silly audit   'run-parallel': [ '1.2.0' ],
54 silly audit   'safer-buffer': [ '2.1.2' ],
54 silly audit   sass: [ '1.55.0' ],
54 silly audit   'select-hose': [ '2.0.0' ],
54 silly audit   selfsigned: [ '2.1.1' ],
54 silly audit   send: [ '0.18.0' ],
54 silly audit   'serialize-javascript': [ '6.0.0' ],
54 silly audit   'serve-index': [ '1.9.1' ],
54 silly audit   setprototypeof: [ '1.1.0', '1.2.0' ],
54 silly audit   statuses: [ '1.5.0', '2.0.1' ],
54 silly audit   'serve-static': [ '1.15.0' ],
54 silly audit   setimmediate: [ '1.0.5' ],
54 silly audit   'sha.js': [ '2.4.11' ],
54 silly audit   'shallow-clone': [ '3.0.1' ],
54 silly audit   'shebang-command': [ '2.0.0' ],
54 silly audit   'shebang-regex': [ '3.0.0' ],
54 silly audit   shellwords: [ '0.1.1' ],
54 silly audit   'side-channel': [ '1.0.4' ],
54 silly audit   'signal-exit': [ '3.0.7' ],
54 silly audit   slash: [ '3.0.0' ],
54 silly audit   sockjs: [ '0.3.24' ],
54 silly audit   'source-list-map': [ '2.0.1' ],
54 silly audit   'source-map': [ '0.6.1' ],
54 silly audit   'source-map-js': [ '1.0.2' ],
54 silly audit   'source-map-support': [ '0.5.21' ],
54 silly audit   'sourcemap-codec': [ '1.4.8' ],
54 silly audit   spdy: [ '4.0.2' ],
54 silly audit   'spdy-transport': [ '3.0.0' ],
54 silly audit   stable: [ '0.1.8' ],
54 silly audit   'std-env': [ '3.3.0' ],
54 silly audit   'stream-browserify': [ '2.0.2' ],
54 silly audit   'stream-http': [ '2.8.3' ],
54 silly audit   'string-width': [ '4.2.3' ],
54 silly audit   'strip-ansi': [ '6.0.1' ],
54 silly audit   'strip-final-newline': [ '2.0.0' ],
54 silly audit   'style-loader': [ '2.0.0' ],
54 silly audit   stylehacks: [ '5.1.0' ],
54 silly audit   'supports-preserve-symlinks-flag': [ '1.0.0' ],
54 silly audit   svgo: [ '2.8.0' ],
54 silly audit   tapable: [ '2.2.1' ],
54 silly audit   'terser-webpack-plugin': [ '5.3.6' ],
54 silly audit   thunky: [ '1.1.0' ],
54 silly audit   'timers-browserify': [ '2.0.12' ],
54 silly audit   'to-arraybuffer': [ '1.0.1' ],
54 silly audit   'to-fast-properties': [ '2.0.0' ],
54 silly audit   'to-regex-range': [ '5.0.1' ],
54 silly audit   toidentifier: [ '1.0.1' ],
54 silly audit   tslib: [ '2.4.0' ],
54 silly audit   'tty-browserify': [ '0.0.0' ],
54 silly audit   'type-is': [ '1.6.18' ],
54 silly audit   'unicode-canonical-property-names-ecmascript': [ '2.0.0' ],
54 silly audit   'unicode-match-property-ecmascript': [ '2.0.0' ],
54 silly audit   'unicode-match-property-value-ecmascript': [ '2.0.0' ],
54 silly audit   'unicode-property-aliases-ecmascript': [ '2.1.0' ],
54 silly audit   universalify: [ '2.0.0' ],
54 silly audit   unpipe: [ '1.0.0' ],
54 silly audit   'update-browserslist-db': [ '1.0.10' ],
54 silly audit   'uri-js': [ '4.4.1' ],
54 silly audit   url: [ '0.11.0' ],
54 silly audit   'util-deprecate': [ '1.0.2' ],
54 silly audit   'utils-merge': [ '1.0.1' ],
54 silly audit   uuid: [ '8.3.2' ],
54 silly audit   vary: [ '1.1.2' ],
54 silly audit   vite: [ '3.1.8' ],
54 silly audit   'vite-plugin-full-reload': [ '1.0.4' ],
54 silly audit   'vm-browserify': [ '1.1.2' ],
54 silly audit   vue: [ '3.2.36' ],
54 silly audit   'vue-loader': [ '17.0.0' ],
54 silly audit   'vue-style-loader': [ '4.1.3' ],
54 silly audit   watchpack: [ '2.4.0' ],
54 silly audit   wbuf: [ '1.7.3' ],
54 silly audit   webpack: [ '5.74.0' ],
54 silly audit   'webpack-cli': [ '4.10.0' ],
54 silly audit   'webpack-dev-middleware': [ '5.3.3' ],
54 silly audit   'webpack-dev-server': [ '4.11.1' ],
54 silly audit   'webpack-merge': [ '5.8.0' ],
54 silly audit   'webpack-notifier': [ '1.15.0' ],
54 silly audit   'webpack-sources': [ '1.4.3', '3.2.3' ],
54 silly audit   webpackbar: [ '5.0.2' ],
54 silly audit   'websocket-driver': [ '0.7.4' ],
54 silly audit   'websocket-extensions': [ '0.1.4' ],
54 silly audit   which: [ '2.0.2' ],
54 silly audit   wildcard: [ '2.0.0' ],
54 silly audit   'wrap-ansi': [ '7.0.0' ],
54 silly audit   wrappy: [ '1.0.2' ],
54 silly audit   ws: [ '8.9.0' ],
54 silly audit   xtend: [ '4.0.2' ],
54 silly audit   y18n: [ '5.0.8' ],
54 silly audit   yallist: [ '4.0.0' ],
54 silly audit   yaml: [ '1.10.2' ],
54 silly audit   yargs: [ '17.6.0' ],
54 silly audit   'yargs-parser': [ '21.1.1' ],
54 silly audit   axios: [ '0.27.2' ]
54 silly audit }
55 verbose reify failed optional dependency C:\laragon\www\ttta\node_modules\fsevents
56 silly reify mark deleted [ 'C:\\laragon\\www\\ttta\\node_modules\\fsevents' ]
57 verbose reify failed optional dependency C:\laragon\www\ttta\node_modules\esbuild-windows-arm64
58 silly reify mark deleted [ 'C:\\laragon\\www\\ttta\\node_modules\\esbuild-windows-arm64' ]
59 verbose reify failed optional dependency C:\laragon\www\ttta\node_modules\esbuild-windows-32
60 silly reify mark deleted [ 'C:\\laragon\\www\\ttta\\node_modules\\esbuild-windows-32' ]
61 verbose reify failed optional dependency C:\laragon\www\ttta\node_modules\esbuild-sunos-64
62 silly reify mark deleted [ 'C:\\laragon\\www\\ttta\\node_modules\\esbuild-sunos-64' ]
63 verbose reify failed optional dependency C:\laragon\www\ttta\node_modules\esbuild-openbsd-64
64 silly reify mark deleted [ 'C:\\laragon\\www\\ttta\\node_modules\\esbuild-openbsd-64' ]
65 verbose reify failed optional dependency C:\laragon\www\ttta\node_modules\esbuild-netbsd-64
66 silly reify mark deleted [ 'C:\\laragon\\www\\ttta\\node_modules\\esbuild-netbsd-64' ]
67 verbose reify failed optional dependency C:\laragon\www\ttta\node_modules\esbuild-linux-s390x
68 silly reify mark deleted [ 'C:\\laragon\\www\\ttta\\node_modules\\esbuild-linux-s390x' ]
69 verbose reify failed optional dependency C:\laragon\www\ttta\node_modules\esbuild-linux-riscv64
70 silly reify mark deleted [ 'C:\\laragon\\www\\ttta\\node_modules\\esbuild-linux-riscv64' ]
71 verbose reify failed optional dependency C:\laragon\www\ttta\node_modules\esbuild-linux-ppc64le
72 silly reify mark deleted [ 'C:\\laragon\\www\\ttta\\node_modules\\esbuild-linux-ppc64le' ]
73 verbose reify failed optional dependency C:\laragon\www\ttta\node_modules\esbuild-linux-mips64le
74 silly reify mark deleted [ 'C:\\laragon\\www\\ttta\\node_modules\\esbuild-linux-mips64le' ]
75 verbose reify failed optional dependency C:\laragon\www\ttta\node_modules\esbuild-linux-arm64
76 silly reify mark deleted [ 'C:\\laragon\\www\\ttta\\node_modules\\esbuild-linux-arm64' ]
77 verbose reify failed optional dependency C:\laragon\www\ttta\node_modules\esbuild-linux-arm
78 silly reify mark deleted [ 'C:\\laragon\\www\\ttta\\node_modules\\esbuild-linux-arm' ]
79 verbose reify failed optional dependency C:\laragon\www\ttta\node_modules\esbuild-linux-64
80 silly reify mark deleted [ 'C:\\laragon\\www\\ttta\\node_modules\\esbuild-linux-64' ]
81 verbose reify failed optional dependency C:\laragon\www\ttta\node_modules\esbuild-linux-32
82 silly reify mark deleted [ 'C:\\laragon\\www\\ttta\\node_modules\\esbuild-linux-32' ]
83 verbose reify failed optional dependency C:\laragon\www\ttta\node_modules\esbuild-freebsd-arm64
84 silly reify mark deleted [ 'C:\\laragon\\www\\ttta\\node_modules\\esbuild-freebsd-arm64' ]
85 verbose reify failed optional dependency C:\laragon\www\ttta\node_modules\esbuild-freebsd-64
86 silly reify mark deleted [ 'C:\\laragon\\www\\ttta\\node_modules\\esbuild-freebsd-64' ]
87 verbose reify failed optional dependency C:\laragon\www\ttta\node_modules\esbuild-darwin-arm64
88 silly reify mark deleted [ 'C:\\laragon\\www\\ttta\\node_modules\\esbuild-darwin-arm64' ]
89 verbose reify failed optional dependency C:\laragon\www\ttta\node_modules\esbuild-darwin-64
90 silly reify mark deleted [ 'C:\\laragon\\www\\ttta\\node_modules\\esbuild-darwin-64' ]
91 verbose reify failed optional dependency C:\laragon\www\ttta\node_modules\esbuild-android-arm64
92 silly reify mark deleted [ 'C:\\laragon\\www\\ttta\\node_modules\\esbuild-android-arm64' ]
93 verbose reify failed optional dependency C:\laragon\www\ttta\node_modules\esbuild-android-64
94 silly reify mark deleted [ 'C:\\laragon\\www\\ttta\\node_modules\\esbuild-android-64' ]
95 verbose reify failed optional dependency C:\laragon\www\ttta\node_modules\@esbuild\linux-loong64
96 silly reify mark deleted [ 'C:\\laragon\\www\\ttta\\node_modules\\@esbuild\\linux-loong64' ]
97 verbose reify failed optional dependency C:\laragon\www\ttta\node_modules\@esbuild\android-arm
98 silly reify mark deleted [ 'C:\\laragon\\www\\ttta\\node_modules\\@esbuild\\android-arm' ]
99 timing reifyNode:node_modules/fsevents Completed in 20ms
100 timing reifyNode:node_modules/esbuild-windows-arm64 Completed in 20ms
101 timing reifyNode:node_modules/esbuild-windows-32 Completed in 20ms
102 timing reifyNode:node_modules/esbuild-sunos-64 Completed in 20ms
103 timing reifyNode:node_modules/esbuild-openbsd-64 Completed in 20ms
104 timing reifyNode:node_modules/esbuild-netbsd-64 Completed in 19ms
105 timing reifyNode:node_modules/esbuild-linux-s390x Completed in 19ms
106 timing reifyNode:node_modules/esbuild-linux-riscv64 Completed in 19ms
107 timing reifyNode:node_modules/esbuild-linux-ppc64le Completed in 19ms
108 timing reifyNode:node_modules/esbuild-linux-mips64le Completed in 20ms
109 timing reifyNode:node_modules/esbuild-linux-arm64 Completed in 20ms
110 timing reifyNode:node_modules/esbuild-linux-arm Completed in 20ms
111 timing reifyNode:node_modules/esbuild-linux-64 Completed in 20ms
112 timing reifyNode:node_modules/esbuild-linux-32 Completed in 20ms
113 timing reifyNode:node_modules/esbuild-freebsd-arm64 Completed in 19ms
114 timing reifyNode:node_modules/esbuild-freebsd-64 Completed in 19ms
115 timing reifyNode:node_modules/esbuild-darwin-arm64 Completed in 19ms
116 timing reifyNode:node_modules/esbuild-darwin-64 Completed in 19ms
117 timing reifyNode:node_modules/esbuild-android-arm64 Completed in 19ms
118 timing reifyNode:node_modules/esbuild-android-64 Completed in 19ms
119 timing reifyNode:node_modules/@esbuild/linux-loong64 Completed in 19ms
120 timing reifyNode:node_modules/@esbuild/android-arm Completed in 19ms
121 timing reify:unpack Completed in 21ms
122 timing reify:unretire Completed in 0ms
123 timing build:queue Completed in 4ms
124 timing build:deps Completed in 4ms
125 timing build Completed in 4ms
126 timing reify:build Completed in 4ms
127 timing reify:trash Completed in 3ms
128 timing reify:save Completed in 159ms
129 http fetch POST 200 https://registry.npmjs.org/-/npm/v1/security/advisories/bulk 757ms
130 timing auditReport:getReport Completed in 765ms
131 silly audit report {}
132 timing auditReport:init Completed in 0ms
133 timing reify:audit Completed in 766ms
134 timing reify Completed in 1584ms
135 silly ADD
136 silly ADD
137 silly ADD
138 silly ADD
139 silly ADD
140 silly ADD
141 silly ADD
142 silly ADD
143 silly ADD
144 silly ADD
145 silly ADD
146 silly ADD
147 silly ADD
148 silly ADD
149 silly ADD
150 silly ADD
151 silly ADD
152 silly ADD
153 silly ADD
154 silly ADD
155 silly ADD
156 silly ADD
157 timing command:install Completed in 1595ms
158 verbose exit 0
159 timing npm Completed in 1727ms
160 info ok
